c:\vs  c++工作环境\vs创建的项目\c语言编程练习\c\x64\debug\vc142.pdb
c:\vs  c++工作环境\vs创建的项目\c语言编程练习\c\x64\debug\vc142.idb
c:\vs  c++工作环境\vs创建的项目\c语言编程练习\c\x64\debug\输出水仙花数.obj
c:\vs  c++工作环境\vs创建的项目\c语言编程练习\c\x64\debug\求序列前n项和.obj
c:\vs  c++工作环境\vs创建的项目\c语言编程练习\c\x64\debug\约分最简分式.obj
c:\vs  c++工作环境\vs创建的项目\c语言编程练习\c\x64\debug\找出两个出现一次的数.obj
c:\vs  c++工作环境\vs创建的项目\c语言编程练习\c\x64\debug\菱形打印.obj
c:\vs  c++工作环境\vs创建的项目\c语言编程练习\c\x64\debug\c编程练习本.obj
c:\vs  c++工作环境\vs创建的项目\c语言编程练习\c\x64\debug\输出给定字符串中的单词个数.obj
c:\vs  c++工作环境\vs创建的项目\c语言编程练习\x64\debug\c语言编程练习题.exe
c:\vs  c++工作环境\vs创建的项目\c语言编程练习\x64\debug\c语言编程练习题.ilk
c:\vs  c++工作环境\vs创建的项目\c语言编程练习\x64\debug\c语言编程练习题.pdb
c:\vs  c++工作环境\vs创建的项目\c语言编程练习\c\x64\debug\猜数字游戏.obj
c:\vs  c++工作环境\vs创建的项目\c语言编程练习\c\x64\debug\输出九九乘法表.obj
c:\vs  c++工作环境\vs创建的项目\c语言编程练习\c\x64\debug\输出空心菱形.obj
c:\vs  c++工作环境\vs创建的项目\c语言编程练习\c\x64\debug\输出给定条件的整数集.obj
c:\vs  c++工作环境\vs创建的项目\c语言编程练习\c\x64\debug\输出统计素数求和.obj
c:\vs  c++工作环境\vs创建的项目\c语言编程练习\c\x64\debug\c语言编程练习题.tlog\cl.command.1.tlog
c:\vs  c++工作环境\vs创建的项目\c语言编程练习\c\x64\debug\c语言编程练习题.tlog\cl.read.1.tlog
c:\vs  c++工作环境\vs创建的项目\c语言编程练习\c\x64\debug\c语言编程练习题.tlog\cl.write.1.tlog
c:\vs  c++工作环境\vs创建的项目\c语言编程练习\c\x64\debug\c语言编程练习题.tlog\link.command.1.tlog
c:\vs  c++工作环境\vs创建的项目\c语言编程练习\c\x64\debug\c语言编程练习题.tlog\link.read.1.tlog
c:\vs  c++工作环境\vs创建的项目\c语言编程练习\c\x64\debug\c语言编程练习题.tlog\link.write.1.tlog
