c:\vs  c++工作环境\vs创建的项目\算法竞赛入门经典习题\debug\vc142.pdb
c:\vs  c++工作环境\vs创建的项目\算法竞赛入门经典习题\debug\vc142.idb
c:\vs  c++工作环境\vs创建的项目\算法竞赛入门经典习题\debug\草稿纸.obj
c:\vs  c++工作环境\vs创建的项目\算法竞赛入门经典习题\debug\3-2分子量molar mass.obj
c:\vs  c++工作环境\vs创建的项目\算法竞赛入门经典习题\debug\3-3数数字digit counting.obj
c:\vs  c++工作环境\vs创建的项目\算法竞赛入门经典习题\debug\3-4周期串periodic strings.obj
c:\vs  c++工作环境\vs创建的项目\算法竞赛入门经典习题\debug\3-6纵横字谜的答案crossword answers.obj
c:\vs  c++工作环境\vs创建的项目\算法竞赛入门经典习题\debug\3-5谜题puzzle.obj
c:\vs  c++工作环境\vs创建的项目\算法竞赛入门经典习题\debug\3-7dna序列dna consensus string.obj
c:\vs  c++工作环境\vs创建的项目\算法竞赛入门经典习题\debug\3.8循环小数repeating decimals.obj
c:\vs  c++工作环境\vs创建的项目\算法竞赛入门经典习题\debug\3-9子序列all in all.obj
c:\vs  c++工作环境\vs创建的项目\算法竞赛入门经典习题\debug\3-1得分score.obj
c:\vs  c++工作环境\vs创建的项目\算法竞赛入门经典习题\debug\3-12浮点数floating-point numbers.obj
c:\vs  c++工作环境\vs创建的项目\算法竞赛入门经典习题\debug\3-11换抵挡装置kickdown.obj
c:\vs  c++工作环境\vs创建的项目\算法竞赛入门经典习题\debug\3-10盒子box.obj
c:\vs  c++工作环境\vs创建的项目\算法竞赛入门经典习题\debug\算法竞赛入门经典习题.exe
c:\vs  c++工作环境\vs创建的项目\算法竞赛入门经典习题\debug\算法竞赛入门经典习题.ilk
c:\vs  c++工作环境\vs创建的项目\算法竞赛入门经典习题\debug\算法竞赛入门经典习题.pdb
c:\vs  c++工作环境\vs创建的项目\算法竞赛入门经典习题\debug\算法竞赛入门经典习题.tlog\cl.command.1.tlog
c:\vs  c++工作环境\vs创建的项目\算法竞赛入门经典习题\debug\算法竞赛入门经典习题.tlog\cl.read.1.tlog
c:\vs  c++工作环境\vs创建的项目\算法竞赛入门经典习题\debug\算法竞赛入门经典习题.tlog\cl.write.1.tlog
c:\vs  c++工作环境\vs创建的项目\算法竞赛入门经典习题\debug\算法竞赛入门经典习题.tlog\link.command.1.tlog
c:\vs  c++工作环境\vs创建的项目\算法竞赛入门经典习题\debug\算法竞赛入门经典习题.tlog\link.read.1.tlog
c:\vs  c++工作环境\vs创建的项目\算法竞赛入门经典习题\debug\算法竞赛入门经典习题.tlog\link.write.1.tlog
